<?xml version="1.0" encoding="UTF-8"?>
<!-- Generated by org.testng.reporters.JUnitXMLReporter -->
<testsuite ignored="8" hostname="DESKTOP-7PS0SKT" failures="2" tests="2" name="Default test(failed)" time="0.072" errors="0" timestamp="2022-06-15T11:20:26 IST">
  <testcase classname="xml_SUITE_Study.FailTCExecution" name="TestCase9" time="0.013">
    <failure type="java.lang.AssertionError" message="null">
      <![CDATA[java.lang.AssertionError: null
at xml_SUITE_Study.FailTCExecution.TestCase9(FailTCExecution.java:31)
at java.base/java.util.ArrayList.forEach(ArrayList.java:1541)
... Removed 29 stack frames]]>
    </failure>
  </testcase> <!-- TestCase9 -->
  <testcase classname="xml_SUITE_Study.FailTCExecution" name="TestCase10" time="0.001">
    <failure type="java.lang.AssertionError" message="null">
      <![CDATA[java.lang.AssertionError: null
at xml_SUITE_Study.FailTCExecution.TestCase10(FailTCExecution.java:36)
at java.base/java.util.ArrayList.forEach(ArrayList.java:1541)
... Removed 29 stack frames]]>
    </failure>
  </testcase> <!-- TestCase10 -->
  <testcase classname="xml_SUITE_Study.FailTCExecution" name="TestCase8" time="0.0">
    <ignored/>
  </testcase> <!-- TestCase8 -->
  <testcase classname="xml_SUITE_Study.FailTCExecution" name="TestCase12" time="0.0">
    <ignored/>
  </testcase> <!-- TestCase12 -->
  <testcase classname="xml_SUITE_Study.FailTCExecution" name="TestCase13" time="0.0">
    <ignored/>
  </testcase> <!-- TestCase13 -->
  <testcase classname="xml_SUITE_Study.FailTCExecution" name="TestCase7" time="0.0">
    <ignored/>
  </testcase> <!-- TestCase7 -->
  <testcase classname="xml_SUITE_Study.FailTCExecution" name="TestCase14" time="0.0">
    <ignored/>
  </testcase> <!-- TestCase14 -->
  <testcase classname="xml_SUITE_Study.FailTCExecution" name="TestCase6" time="0.0">
    <ignored/>
  </testcase> <!-- TestCase6 -->
  <testcase classname="xml_SUITE_Study.FailTCExecution" name="TestCase15" time="0.0">
    <ignored/>
  </testcase> <!-- TestCase15 -->
  <testcase classname="xml_SUITE_Study.FailTCExecution" name="TestCase11" time="0.0">
    <ignored/>
  </testcase> <!-- TestCase11 -->
</testsuite> <!-- Default test(failed) -->
