<?xml version="1.0" encoding="UTF-8"?>
<testng-results ignored="0" total="1" passed="1" failed="0" skipped="0">
  <reporter-output>
    <line>
      <![CDATA[TC1 softAssert is running]]>
    </line>
    <line>
      <![CDATA[running TC]]>
    </line>
  </reporter-output>
  <suite started-at="2022-06-27T20:17:41 IST" name="Default suite" finished-at="2022-06-27T20:17:41 IST" duration-ms="79">
    <groups>
    </groups>
    <test started-at="2022-06-27T20:17:41 IST" name="Default test" finished-at="2022-06-27T20:17:41 IST" duration-ms="79">
      <class name="verificationUsingTestNG_Assert_A3.SoftAssert">
        <test-method signature="methode1()[pri:0, instance:verificationUsingTestNG_Assert_A3.SoftAssert@3f6b0be5]" started-at="2022-06-27T20:17:41 IST" name="methode1" finished-at="2022-06-27T20:17:41 IST" duration-ms="15" status="PASS">
          <reporter-output>
            <line>
              <![CDATA[TC1 softAssert is running]]>
            </line>
            <line>
              <![CDATA[running TC]]>
            </line>
          </reporter-output>
        </test-method> <!-- methode1 -->
      </class> <!-- verificationUsingTestNG_Assert_A3.SoftAssert -->
    </test> <!-- Default test -->
  </suite> <!-- Default suite -->
</testng-results>
